RUN	Falabella	falabella	1554846566441	 	3.0.3
USER	Falabella	1	START	1554846568700	1554846568700
REQUEST	1		request_0	1554846568764	1554846568837	OK	 
REQUEST	1		request_1	1554846580855	1554846581010	OK	 
REQUEST	1		favicon-16x16.png	1554846581265	1554846581476	OK	 
REQUEST	1		favicon-32x32.png	1554846581264	1554846581493	OK	 
REQUEST	1		bxl-cmr-050419-AO-mb?scl=1&qlt=100	1554846581252	1554846581511	OK	 
REQUEST	1		android-chrome-192x192.png	1554846581265	1554846581531	OK	 
REQUEST	1		android-chrome-256x256.png	1554846581267	1554846581532	OK	 
REQUEST	1		headerMainMenu.js?vid=82	1554846581268	1554846581548	OK	 
REQUEST	1		browse.css?vid=82	1554846581263	1554846581551	OK	 
REQUEST	1		searchBarApp.js?vid=82	1554846581494	1554846581625	OK	 
REQUEST	1		vendor.js?vid=82	1554846581487	1554846581633	OK	 
REQUEST	1		lazysizes.min.js	1554846581531	1554846581635	OK	 
REQUEST	1		Hero_mobile_Makeup-020419-pb--1x.jpg	1554846581534	1554846581638	OK	 
REQUEST	1		vitrina-mobile-080419-pb-1x.jpg	1554846581618	1554846581662	OK	 
REQUEST	1		HH-EventoCMR-led-20190409-CV-mb-1x.jpg	1554846581626	1554846581670	OK	 
REQUEST	1		MC-0219.css	1554846581640	1554846581683	OK	 
REQUEST	1		satelliteLib-80187f49a9263a2bfb8017414b8b7a962919d04e.js	1554846581242	1554846581691	OK	 
REQUEST	1		HH-PLANES-080419-CC-mb-1x.jpg	1554846581549	1554846581699	OK	 
REQUEST	1		dailyDeals.js?vid=82	1554846581636	1554846581712	OK	 
REQUEST	1		huincha-telefonia-210319-CC.jpg	1554846581663	1554846581714	OK	 
REQUEST	1		PC2-260319-MH-mb.jpg	1554846581671	1554846581717	OK	 
REQUEST	1		pc3-estufas-20190409-CV-mb.jpg	1554846581685	1554846581740	OK	 
REQUEST	1		PC2-camarote-09042019-ay-mb.jpg	1554846581713	1554846581773	OK	 
REQUEST	1		HH-dormitorio-05042019-AY-mb-1x.jpg	1554846581634	1554846581781	OK	 
REQUEST	1		pc-dormitorio-09042019-ay.jpg	1554846581700	1554846581789	OK	 
REQUEST	1		pc3-alfombra-08042019-AY-MB.jpg	1554846581715	1554846581798	OK	 
REQUEST	1		PC1-deporte-joggers-040419-JT.jpg	1554846581717	1554846581803	OK	 
REQUEST	1		bp4-volmark-050419-logo.png	1554846581774	1554846581806	OK	 
REQUEST	1		PC1-mundo_imperdible-040419-cs.jpg	1554846581741	1554846581809	OK	 
REQUEST	1		bp4-volmark-050419.jpg	1554846581782	1554846581818	OK	 
REQUEST	1		invicta-logo-cs.png	1554846581790	1554846581820	OK	 
REQUEST	1		bp4-parrilla-2042019-AY1.jpg	1554846581807	1554846581837	OK	 
REQUEST	1		Logo-kenmore1.png	1554846581804	1554846581841	OK	 
REQUEST	1		style-design.css?v=60	1554846581810	1554846581847	OK	 
REQUEST	1		browsable.core.js?vid=82	1554846581820	1554846581866	OK	 
REQUEST	1		request_2	1554846581842	1554846581870	OK	 
REQUEST	1		adrum.js?vid=82	1554846581838	1554846581873	OK	 
REQUEST	1		browse.js?vid=82	1554846581818	1554846581891	OK	 
REQUEST	1		request_3	1554846581858	1554846581893	OK	 
REQUEST	1		request_5	1554846581868	1554846581896	OK	 
REQUEST	1		request_6	1554846581870	1554846581902	OK	 
REQUEST	1		request_7	1554846581874	1554846581904	OK	 
REQUEST	1		bp5-invicta-040419-cs.jpg	1554846581799	1554846581960	OK	 
REQUEST	1		request_9	1554846589997	1554846590079	KO	status.find.in(200,201,202,203,204,205,206,207,208,209,304), found 401
REQUEST	1		request_10	1554846602068	1554846602100	OK	 
REQUEST	1		request_11	1554846605107	1554846605139	OK	 
REQUEST	1		BANNER-CALLCENTER-MH-mb?scl=1	1554846605217	1554846605235	OK	 
REQUEST	1		productListApp.js?vid=82	1554846605216	1554846605248	OK	 
REQUEST	1		?wid=249&hei=249&crop=0,0,0,0 alt=	1554846605217	1554846605253	OK	 
REQUEST	1		request_12	1554846607245	1554846607262	OK	 
USER	Falabella	1	END	1554846568700	1554846607273
