RUN	RecordedSimulation	recordedsimulation	1554846098906	 	3.0.3
USER	RecordedSimulation	1	START	1554846101164	1554846101164
REQUEST	1		request_0	1554846101230	1554846101381	OK	 
REQUEST	1		reset.css?13-1-8-23	1554846101659	1554846101730	OK	 
REQUEST	1		custom.css	1554846101771	1554846101781	OK	 
REQUEST	1		print.css?13-1-8-23	1554846101660	1554846101786	OK	 
REQUEST	1		custom.css	1554846101663	1554846101792	OK	 
REQUEST	1		style.css?13-1-8-23	1554846101661	1554846101796	OK	 
REQUEST	1		index.css?13-1-8-23-636555116381078681	1554846101783	1554846101811	OK	 
REQUEST	1		menu.css?13-1-8-23	1554846101663	1554846101820	OK	 
REQUEST	1		x5engine.js?13-1-8-23	1554846101795	1554846101828	OK	 
REQUEST	1		main.js	1554846101817	1554846101833	OK	 
REQUEST	1		jquery.js?13-1-8-23	1554846101790	1554846101835	OK	 
REQUEST	1		main.js	1554846101800	1554846101838	OK	 
REQUEST	1		template.css?13-1-8-23	1554846101662	1554846101841	OK	 
REQUEST	1		header_brand_es.38682.jpg	1554846101827	1554846101844	OK	 
REQUEST	1		White_twitter.png	1554846101837	1554846101850	OK	 
REQUEST	1		White_facebook-1-.png	1554846101834	1554846101855	OK	 
REQUEST	1		pixabay-bb4b32c99a2f44435e.png	1554846101831	1554846101857	OK	 
REQUEST	1		youtube-1-.png	1554846101840	1554846101860	OK	 
REQUEST	1		request_1	1554846110885	1554846110983	OK	 
REQUEST	1		request_2	1554846111999	1554846112075	OK	 
REQUEST	1		reset.css?13-1-8-23	1554846112101	1554846112164	OK	 
REQUEST	1		print.css?13-1-8-23	1554846112102	1554846112192	OK	 
REQUEST	1		style.css?13-1-8-23	1554846112103	1554846112194	OK	 
REQUEST	1		x5engine.js?13-1-8-23	1554846112196	1554846112213	OK	 
REQUEST	1		carga-de-informacion.css?13-1-8-23-636555116375453681	1554846112165	1554846112215	OK	 
REQUEST	1		template.css?13-1-8-23	1554846112104	1554846112221	OK	 
REQUEST	1		custom.css	1554846112106	1554846112225	OK	 
REQUEST	1		main.js	1554846112214	1554846112230	OK	 
REQUEST	1		menu.css?13-1-8-23	1554846112105	1554846112236	OK	 
REQUEST	1		header_brand_es.38682.jpg	1554846112218	1554846112240	OK	 
REQUEST	1		White_facebook-1-.png	1554846112231	1554846112242	OK	 
REQUEST	1		date.gif	1554846112227	1554846112244	OK	 
REQUEST	1		pixabay-bb4b32c99a2f44435e.png	1554846112222	1554846112245	OK	 
REQUEST	1		White_twitter.png	1554846112238	1554846112247	OK	 
REQUEST	1		youtube-1-.png	1554846112241	1554846112250	OK	 
REQUEST	1		jquery.js?13-1-8-23	1554846112193	1554846112251	OK	 
REQUEST	1		request_3	1554846115246	1554846115368	OK	 
REQUEST	1		request_3 Redirect 1	1554846115383	1554846115491	OK	 
REQUEST	1		reset.css?13-1-8-23	1554846115543	1554846115550	OK	 
REQUEST	1		style.css?13-1-8-23	1554846115547	1554846115554	OK	 
REQUEST	1		template.css?13-1-8-23	1554846115548	1554846115554	OK	 
REQUEST	1		print.css?13-1-8-23	1554846115544	1554846115555	OK	 
REQUEST	1		menu.css?13-1-8-23	1554846115548	1554846115556	OK	 
REQUEST	1		custom.css	1554846115549	1554846115556	OK	 
USER	RecordedSimulation	1	END	1554846101164	1554846115561
