RUN	RecordedSimulation	recordedsimulation	1554844984671	 	3.0.3
USER	RecordedSimulation	1	START	1554844986917	1554844986917
REQUEST	1		request_0	1554844986972	1554844987564	OK	 
REQUEST	1		reset.css?13-1-8-23	1554844987778	1554844987841	OK	 
REQUEST	1		custom.css	1554844987872	1554844987883	OK	 
REQUEST	1		print.css?13-1-8-23	1554844987779	1554844987888	OK	 
REQUEST	1		style.css?13-1-8-23	1554844987780	1554844987891	OK	 
REQUEST	1		template.css?13-1-8-23	1554844987780	1554844987896	OK	 
REQUEST	1		menu.css?13-1-8-23	1554844987781	1554844987900	OK	 
REQUEST	1		custom.css	1554844987781	1554844987908	OK	 
REQUEST	1		index.css?13-1-8-23-636555116381078681	1554844987886	1554844987912	OK	 
REQUEST	1		x5engine.js?13-1-8-23	1554844987895	1554844987917	OK	 
REQUEST	1		main.js	1554844987899	1554844987926	OK	 
REQUEST	1		main.js	1554844987906	1554844987929	OK	 
REQUEST	1		header_brand_es.38682.jpg	1554844987911	1554844987931	OK	 
REQUEST	1		pixabay-bb4b32c99a2f44435e.png	1554844987916	1554844987934	OK	 
REQUEST	1		White_twitter.png	1554844987928	1554844987941	OK	 
REQUEST	1		jquery.js?13-1-8-23	1554844987890	1554844987943	OK	 
REQUEST	1		youtube-1-.png	1554844987930	1554844987945	OK	 
REQUEST	1		White_facebook-1-.png	1554844987923	1554844987947	OK	 
REQUEST	1		request_1	1554844996967	1554844997324	OK	 
REQUEST	1		request_2	1554844998335	1554844998596	OK	 
REQUEST	1		reset.css?13-1-8-23	1554844998637	1554844998698	OK	 
REQUEST	1		print.css?13-1-8-23	1554844998638	1554844998708	OK	 
REQUEST	1		template.css?13-1-8-23	1554844998640	1554844998712	OK	 
REQUEST	1		custom.css	1554844998641	1554844998720	OK	 
REQUEST	1		style.css?13-1-8-23	1554844998639	1554844998727	OK	 
REQUEST	1		carga-de-informacion.css?13-1-8-23-636555116375453681	1554844998700	1554844998731	OK	 
REQUEST	1		x5engine.js?13-1-8-23	1554844998713	1554844998740	OK	 
REQUEST	1		main.js	1554844998722	1554844998743	OK	 
REQUEST	1		menu.css?13-1-8-23	1554844998641	1554844998746	OK	 
REQUEST	1		header_brand_es.38682.jpg	1554844998729	1554844998749	OK	 
REQUEST	1		date.gif	1554844998741	1554844998754	OK	 
REQUEST	1		White_facebook-1-.png	1554844998744	1554844998755	OK	 
REQUEST	1		White_twitter.png	1554844998748	1554844998759	OK	 
REQUEST	1		youtube-1-.png	1554844998750	1554844998760	OK	 
REQUEST	1		pixabay-bb4b32c99a2f44435e.png	1554844998739	1554844998766	OK	 
REQUEST	1		jquery.js?13-1-8-23	1554844998709	1554844998768	OK	 
REQUEST	1		request_3	1554845001770	1554845002234	OK	 
REQUEST	1		request_3 Redirect 1	1554845002268	1554845002487	OK	 
REQUEST	1		reset.css?13-1-8-23	1554845002527	1554845002534	OK	 
REQUEST	1		style.css?13-1-8-23	1554845002529	1554845002538	OK	 
REQUEST	1		template.css?13-1-8-23	1554845002530	1554845002539	OK	 
REQUEST	1		print.css?13-1-8-23	1554845002528	1554845002540	OK	 
REQUEST	1		menu.css?13-1-8-23	1554845002531	1554845002540	OK	 
REQUEST	1		custom.css	1554845002531	1554845002541	OK	 
USER	RecordedSimulation	1	END	1554844986917	1554845002546
