RUN	RecordedSimulation	recordedsimulation	1554843814001	 	3.0.3
USER	RecordedSimulation	1	START	1554843816401	1554843816401
REQUEST	1		request_0	1554843816455	1554843817052	OK	 
REQUEST	1		reset.css?13-1-8-23	1554843817313	1554843817399	OK	 
REQUEST	1		template.css?13-1-8-23	1554843817316	1554843817470	OK	 
REQUEST	1		custom.css	1554843817318	1554843817476	OK	 
REQUEST	1		style.css?13-1-8-23	1554843817315	1554843817480	OK	 
REQUEST	1		print.css?13-1-8-23	1554843817314	1554843817485	OK	 
REQUEST	1		menu.css?13-1-8-23	1554843817317	1554843817488	OK	 
REQUEST	1		custom.css	1554843817450	1554843817502	OK	 
REQUEST	1		x5engine.js?13-1-8-23	1554843817483	1554843817510	OK	 
REQUEST	1		index.css?13-1-8-23-636555116381078681	1554843817474	1554843817514	OK	 
REQUEST	1		main.js	1554843817496	1554843817518	OK	 
REQUEST	1		header_brand_es.38682.jpg	1554843817505	1554843817525	OK	 
REQUEST	1		main.js	1554843817487	1554843817528	OK	 
REQUEST	1		White_facebook-1-.png	1554843817517	1554843817534	OK	 
REQUEST	1		White_twitter.png	1554843817519	1554843817539	OK	 
REQUEST	1		pixabay-bb4b32c99a2f44435e.png	1554843817513	1554843817543	OK	 
REQUEST	1		youtube-1-.png	1554843817526	1554843817549	OK	 
REQUEST	1		jquery.js?13-1-8-23	1554843817479	1554843817557	OK	 
REQUEST	1		request_1	1554843826589	1554843827052	OK	 
REQUEST	1		request_2	1554843828064	1554843828424	OK	 
REQUEST	1		reset.css?13-1-8-23	1554843828456	1554843828527	OK	 
REQUEST	1		print.css?13-1-8-23	1554843828460	1554843828541	OK	 
REQUEST	1		style.css?13-1-8-23	1554843828464	1554843828543	OK	 
REQUEST	1		custom.css	1554843828466	1554843828550	OK	 
REQUEST	1		carga-de-informacion.css?13-1-8-23-636555116375453681	1554843828528	1554843828557	OK	 
REQUEST	1		template.css?13-1-8-23	1554843828465	1554843828563	OK	 
REQUEST	1		x5engine.js?13-1-8-23	1554843828549	1554843828566	OK	 
REQUEST	1		main.js	1554843828551	1554843828569	OK	 
REQUEST	1		jquery.js?13-1-8-23	1554843828542	1554843828576	OK	 
REQUEST	1		date.gif	1554843828567	1554843828579	OK	 
REQUEST	1		menu.css?13-1-8-23	1554843828466	1554843828581	OK	 
REQUEST	1		pixabay-bb4b32c99a2f44435e.png	1554843828565	1554843828585	OK	 
REQUEST	1		White_facebook-1-.png	1554843828570	1554843828587	OK	 
REQUEST	1		header_brand_es.38682.jpg	1554843828561	1554843828588	OK	 
REQUEST	1		White_twitter.png	1554843828577	1554843828589	OK	 
REQUEST	1		youtube-1-.png	1554843828580	1554843828593	OK	 
REQUEST	1		request_3	1554843831602	1554843832080	OK	 
REQUEST	1		request_3 Redirect 1	1554843832104	1554843832221	OK	 
REQUEST	1		reset.css?13-1-8-23	1554843832268	1554843832277	OK	 
REQUEST	1		print.css?13-1-8-23	1554843832269	1554843832280	OK	 
REQUEST	1		style.css?13-1-8-23	1554843832269	1554843832281	OK	 
REQUEST	1		template.css?13-1-8-23	1554843832270	1554843832281	OK	 
REQUEST	1		custom.css	1554843832271	1554843832282	OK	 
REQUEST	1		menu.css?13-1-8-23	1554843832270	1554843832282	OK	 
USER	RecordedSimulation	1	END	1554843816401	1554843832287
