RUN	Falabella	falabella	1554846263990	 	3.0.3
USER	Falabella	1	START	1554846267225	1554846267225
REQUEST	1		request_0	1554846267277	1554846267355	OK	 
REQUEST	1		request_1	1554846279388	1554846279597	OK	 
REQUEST	1		android-chrome-192x192.png	1554846279909	1554846280100	OK	 
REQUEST	1		favicon-16x16.png	1554846279908	1554846280117	OK	 
REQUEST	1		android-chrome-256x256.png	1554846279911	1554846280119	OK	 
REQUEST	1		favicon-32x32.png	1554846279908	1554846280121	OK	 
REQUEST	1		browse.css?vid=82	1554846279906	1554846280124	OK	 
REQUEST	1		Hero_mobile_Makeup-020419-pb--1x.jpg	1554846280122	1554846280213	OK	 
REQUEST	1		searchBarApp.js?vid=82	1554846280118	1554846280219	OK	 
REQUEST	1		vendor.js?vid=82	1554846280112	1554846280235	OK	 
REQUEST	1		lazysizes.min.js	1554846280120	1554846280238	OK	 
REQUEST	1		headerMainMenu.js?vid=82	1554846279912	1554846280245	OK	 
REQUEST	1		HH-PLANES-080419-CC-mb-1x.jpg	1554846280197	1554846280248	OK	 
REQUEST	1		bxl-cmr-050419-AO-mb?scl=1&qlt=100	1554846279895	1554846280260	OK	 
REQUEST	1		vitrina-mobile-080419-pb-1x.jpg	1554846280214	1554846280262	OK	 
REQUEST	1		HH-EventoCMR-led-20190409-CV-mb-1x.jpg	1554846280220	1554846280265	OK	 
REQUEST	1		HH-dormitorio-05042019-AY-mb-1x.jpg	1554846280236	1554846280269	OK	 
REQUEST	1		satelliteLib-80187f49a9263a2bfb8017414b8b7a962919d04e.js	1554846279884	1554846280284	OK	 
REQUEST	1		huincha-telefonia-210319-CC.jpg	1554846280249	1554846280286	OK	 
REQUEST	1		MC-0219.css	1554846280246	1554846280289	OK	 
REQUEST	1		dailyDeals.js?vid=82	1554846280239	1554846280293	OK	 
REQUEST	1		PC2-260319-MH-mb.jpg	1554846280263	1554846280299	OK	 
REQUEST	1		pc3-estufas-20190409-CV-mb.jpg	1554846280266	1554846280323	OK	 
REQUEST	1		pc-dormitorio-09042019-ay.jpg	1554846280270	1554846280349	OK	 
REQUEST	1		PC1-deporte-joggers-040419-JT.jpg	1554846280294	1554846280358	OK	 
REQUEST	1		bp4-volmark-050419-logo.png	1554846280324	1554846280405	OK	 
REQUEST	1		PC2-camarote-09042019-ay-mb.jpg	1554846280287	1554846280417	OK	 
REQUEST	1		bp4-volmark-050419.jpg	1554846280350	1554846280437	OK	 
REQUEST	1		invicta-logo-cs.png	1554846280359	1554846280442	OK	 
REQUEST	1		PC1-mundo_imperdible-040419-cs.jpg	1554846280301	1554846280446	OK	 
REQUEST	1		bp5-invicta-040419-cs.jpg	1554846280406	1554846280459	OK	 
REQUEST	1		pc3-alfombra-08042019-AY-MB.jpg	1554846280291	1554846280468	OK	 
REQUEST	1		Logo-kenmore1.png	1554846280418	1554846280474	OK	 
REQUEST	1		browsable.core.js?vid=82	1554846280460	1554846280509	OK	 
REQUEST	1		bp4-parrilla-2042019-AY1.jpg	1554846280439	1554846280512	OK	 
REQUEST	1		style-design.css?v=60	1554846280443	1554846280516	OK	 
REQUEST	1		request_2	1554846280475	1554846280528	OK	 
REQUEST	1		browse.js?vid=82	1554846280447	1554846280536	OK	 
REQUEST	1		request_3	1554846280511	1554846280539	OK	 
REQUEST	1		adrum.js?vid=82	1554846280469	1554846280540	OK	 
REQUEST	1		request_5	1554846280513	1554846280541	OK	 
REQUEST	1		request_6	1554846280526	1554846280542	OK	 
REQUEST	1		request_7	1554846280529	1554846280546	OK	 
REQUEST	1		request_9	1554846288577	1554846288663	KO	status.find.in(200,201,202,203,204,205,206,207,208,209,304), found 401
REQUEST	1		request_10	1554846300651	1554846300669	OK	 
REQUEST	1		request_11	1554846303671	1554846303712	OK	 
REQUEST	1		BANNER-CALLCENTER-MH-mb?scl=1	1554846303801	1554846303820	OK	 
REQUEST	1		productListApp.js?vid=82	1554846303799	1554846303828	OK	 
REQUEST	1		?wid=249&hei=249&crop=0,0,0,0 alt=	1554846303803	1554846303841	OK	 
REQUEST	1		request_12	1554846305853	1554846305869	OK	 
USER	Falabella	1	END	1554846267225	1554846305889
