RUN	RecordedSimulation	recordedsimulation	1554846311191	 	3.0.3
USER	RecordedSimulation	1	START	1554846313345	1554846313345
REQUEST	1		request_0	1554846313410	1554846313564	OK	 
REQUEST	1		reset.css?13-1-8-23	1554846313806	1554846313875	OK	 
REQUEST	1		print.css?13-1-8-23	1554846313807	1554846313928	OK	 
REQUEST	1		style.css?13-1-8-23	1554846313808	1554846313932	OK	 
REQUEST	1		custom.css	1554846313917	1554846313941	OK	 
REQUEST	1		template.css?13-1-8-23	1554846313809	1554846313950	OK	 
REQUEST	1		x5engine.js?13-1-8-23	1554846313947	1554846313967	OK	 
REQUEST	1		index.css?13-1-8-23-636555116381078681	1554846313931	1554846313972	OK	 
REQUEST	1		menu.css?13-1-8-23	1554846313810	1554846313983	OK	 
REQUEST	1		main.js	1554846313971	1554846313992	OK	 
REQUEST	1		main.js	1554846313960	1554846313996	OK	 
REQUEST	1		custom.css	1554846313810	1554846313998	OK	 
REQUEST	1		jquery.js?13-1-8-23	1554846313937	1554846314003	OK	 
REQUEST	1		header_brand_es.38682.jpg	1554846313978	1554846314005	OK	 
REQUEST	1		White_twitter.png	1554846313997	1554846314010	OK	 
REQUEST	1		White_facebook-1-.png	1554846313993	1554846314014	OK	 
REQUEST	1		youtube-1-.png	1554846314000	1554846314016	OK	 
REQUEST	1		pixabay-bb4b32c99a2f44435e.png	1554846313991	1554846314020	OK	 
REQUEST	1		request_1	1554846323049	1554846323162	OK	 
REQUEST	1		request_2	1554846324164	1554846324243	OK	 
REQUEST	1		reset.css?13-1-8-23	1554846324273	1554846324335	OK	 
REQUEST	1		print.css?13-1-8-23	1554846324274	1554846324345	OK	 
REQUEST	1		style.css?13-1-8-23	1554846324276	1554846324351	OK	 
REQUEST	1		custom.css	1554846324279	1554846324359	OK	 
REQUEST	1		carga-de-informacion.css?13-1-8-23-636555116375453681	1554846324336	1554846324361	OK	 
REQUEST	1		template.css?13-1-8-23	1554846324277	1554846324364	OK	 
REQUEST	1		menu.css?13-1-8-23	1554846324278	1554846324368	OK	 
REQUEST	1		x5engine.js?13-1-8-23	1554846324352	1554846324371	OK	 
REQUEST	1		main.js	1554846324360	1554846324375	OK	 
REQUEST	1		date.gif	1554846324370	1554846324385	OK	 
REQUEST	1		header_brand_es.38682.jpg	1554846324363	1554846324387	OK	 
REQUEST	1		White_facebook-1-.png	1554846324374	1554846324389	OK	 
REQUEST	1		jquery.js?13-1-8-23	1554846324346	1554846324390	OK	 
REQUEST	1		White_twitter.png	1554846324376	1554846324392	OK	 
REQUEST	1		pixabay-bb4b32c99a2f44435e.png	1554846324366	1554846324393	OK	 
REQUEST	1		youtube-1-.png	1554846324386	1554846324396	OK	 
REQUEST	1		request_3	1554846327403	1554846327466	OK	 
REQUEST	1		request_3 Redirect 1	1554846327486	1554846327577	OK	 
REQUEST	1		reset.css?13-1-8-23	1554846327600	1554846327611	OK	 
REQUEST	1		menu.css?13-1-8-23	1554846327603	1554846327617	OK	 
REQUEST	1		custom.css	1554846327603	1554846327618	OK	 
REQUEST	1		style.css?13-1-8-23	1554846327601	1554846327618	OK	 
REQUEST	1		template.css?13-1-8-23	1554846327602	1554846327619	OK	 
REQUEST	1		print.css?13-1-8-23	1554846327601	1554846327625	OK	 
USER	RecordedSimulation	1	END	1554846313345	1554846327630
