RUN	RecordedSimulation	recordedsimulation	1554844590782	 	3.0.3
USER	RecordedSimulation	1	START	1554844593979	1554844593979
REQUEST	1		request_0	1554844594044	1554844594989	OK	 
REQUEST	1		reset.css?13-1-8-23	1554844595218	1554844595297	OK	 
REQUEST	1		style.css?13-1-8-23	1554844595220	1554844595364	OK	 
REQUEST	1		custom.css	1554844595345	1554844595369	OK	 
REQUEST	1		print.css?13-1-8-23	1554844595219	1554844595373	OK	 
REQUEST	1		template.css?13-1-8-23	1554844595221	1554844595377	OK	 
REQUEST	1		custom.css	1554844595222	1554844595381	OK	 
REQUEST	1		index.css?13-1-8-23-636555116381078681	1554844595368	1554844595386	OK	 
REQUEST	1		x5engine.js?13-1-8-23	1554844595375	1554844595393	OK	 
REQUEST	1		main.js	1554844595380	1554844595404	OK	 
REQUEST	1		header_brand_es.38682.jpg	1554844595391	1554844595409	OK	 
REQUEST	1		menu.css?13-1-8-23	1554844595221	1554844595411	OK	 
REQUEST	1		main.js	1554844595384	1554844595418	OK	 
REQUEST	1		jquery.js?13-1-8-23	1554844595372	1554844595420	OK	 
REQUEST	1		White_facebook-1-.png	1554844595405	1554844595425	OK	 
REQUEST	1		pixabay-bb4b32c99a2f44435e.png	1554844595396	1554844595428	OK	 
REQUEST	1		White_twitter.png	1554844595410	1554844595432	OK	 
REQUEST	1		youtube-1-.png	1554844595417	1554844595436	OK	 
REQUEST	1		request_1	1554844604486	1554844604927	OK	 
REQUEST	1		request_2	1554844605921	1554844605995	OK	 
REQUEST	1		reset.css?13-1-8-23	1554844606032	1554844606090	OK	 
REQUEST	1		print.css?13-1-8-23	1554844606032	1554844606099	OK	 
REQUEST	1		template.css?13-1-8-23	1554844606034	1554844606104	OK	 
REQUEST	1		custom.css	1554844606036	1554844606107	OK	 
REQUEST	1		carga-de-informacion.css?13-1-8-23-636555116375453681	1554844606091	1554844606110	OK	 
REQUEST	1		style.css?13-1-8-23	1554844606033	1554844606114	OK	 
REQUEST	1		main.js	1554844606108	1554844606119	OK	 
REQUEST	1		x5engine.js?13-1-8-23	1554844606106	1554844606121	OK	 
REQUEST	1		pixabay-bb4b32c99a2f44435e.png	1554844606116	1554844606128	OK	 
REQUEST	1		jquery.js?13-1-8-23	1554844606100	1554844606132	OK	 
REQUEST	1		White_facebook-1-.png	1554844606122	1554844606134	OK	 
REQUEST	1		menu.css?13-1-8-23	1554844606035	1554844606135	OK	 
REQUEST	1		date.gif	1554844606120	1554844606136	OK	 
REQUEST	1		header_brand_es.38682.jpg	1554844606112	1554844606137	OK	 
REQUEST	1		White_twitter.png	1554844606130	1554844606139	OK	 
REQUEST	1		youtube-1-.png	1554844606133	1554844606141	OK	 
REQUEST	1		request_3	1554844609154	1554844609540	OK	 
REQUEST	1		request_3 Redirect 1	1554844609567	1554844609657	OK	 
REQUEST	1		reset.css?13-1-8-23	1554844609701	1554844609709	OK	 
REQUEST	1		print.css?13-1-8-23	1554844609702	1554844609713	OK	 
REQUEST	1		style.css?13-1-8-23	1554844609703	1554844609714	OK	 
REQUEST	1		menu.css?13-1-8-23	1554844609705	1554844609715	OK	 
REQUEST	1		custom.css	1554844609706	1554844609715	OK	 
REQUEST	1		template.css?13-1-8-23	1554844609704	1554844609717	OK	 
USER	RecordedSimulation	1	END	1554844593979	1554844609723
