RUN	RecordedSimulation	recordedsimulation	1554846395731	 	3.0.3
USER	RecordedSimulation	1	START	1554846397893	1554846397893
REQUEST	1		request_0	1554846397981	1554846398102	OK	 
REQUEST	1		reset.css?13-1-8-23	1554846398360	1554846398443	OK	 
REQUEST	1		print.css?13-1-8-23	1554846398364	1554846398514	OK	 
REQUEST	1		template.css?13-1-8-23	1554846398366	1554846398519	OK	 
REQUEST	1		custom.css	1554846398487	1554846398528	OK	 
REQUEST	1		custom.css	1554846398367	1554846398534	OK	 
REQUEST	1		style.css?13-1-8-23	1554846398365	1554846398542	OK	 
REQUEST	1		x5engine.js?13-1-8-23	1554846398532	1554846398579	OK	 
REQUEST	1		main.js	1554846398537	1554846398584	OK	 
REQUEST	1		main.js	1554846398545	1554846398596	OK	 
REQUEST	1		menu.css?13-1-8-23	1554846398366	1554846398598	OK	 
REQUEST	1		index.css?13-1-8-23-636555116381078681	1554846398517	1554846398605	OK	 
REQUEST	1		header_brand_es.38682.jpg	1554846398582	1554846398624	OK	 
REQUEST	1		White_facebook-1-.png	1554846398597	1554846398639	OK	 
REQUEST	1		youtube-1-.png	1554846398609	1554846398662	OK	 
REQUEST	1		White_twitter.png	1554846398604	1554846398668	OK	 
REQUEST	1		pixabay-bb4b32c99a2f44435e.png	1554846398585	1554846398672	OK	 
REQUEST	1		jquery.js?13-1-8-23	1554846398527	1554846398707	OK	 
REQUEST	1		request_1	1554846407745	1554846407856	OK	 
REQUEST	1		request_2	1554846408862	1554846408949	OK	 
REQUEST	1		reset.css?13-1-8-23	1554846408974	1554846409034	OK	 
REQUEST	1		print.css?13-1-8-23	1554846408975	1554846409049	OK	 
REQUEST	1		template.css?13-1-8-23	1554846408977	1554846409052	OK	 
REQUEST	1		style.css?13-1-8-23	1554846408976	1554846409055	OK	 
REQUEST	1		custom.css	1554846408978	1554846409059	OK	 
REQUEST	1		carga-de-informacion.css?13-1-8-23-636555116375453681	1554846409036	1554846409062	OK	 
REQUEST	1		menu.css?13-1-8-23	1554846408978	1554846409076	OK	 
REQUEST	1		main.js	1554846409057	1554846409079	OK	 
REQUEST	1		x5engine.js?13-1-8-23	1554846409054	1554846409081	OK	 
REQUEST	1		header_brand_es.38682.jpg	1554846409061	1554846409084	OK	 
REQUEST	1		date.gif	1554846409077	1554846409087	OK	 
REQUEST	1		pixabay-bb4b32c99a2f44435e.png	1554846409070	1554846409089	OK	 
REQUEST	1		White_facebook-1-.png	1554846409080	1554846409092	OK	 
REQUEST	1		White_twitter.png	1554846409082	1554846409093	OK	 
REQUEST	1		jquery.js?13-1-8-23	1554846409051	1554846409094	OK	 
REQUEST	1		youtube-1-.png	1554846409085	1554846409097	OK	 
REQUEST	1		request_3	1554846412092	1554846412164	OK	 
REQUEST	1		request_3 Redirect 1	1554846412180	1554846412348	OK	 
REQUEST	1		menu.css?13-1-8-23	1554846412383	1554846412390	OK	 
REQUEST	1		custom.css	1554846412383	1554846412395	OK	 
REQUEST	1		style.css?13-1-8-23	1554846412382	1554846412396	OK	 
REQUEST	1		print.css?13-1-8-23	1554846412381	1554846412396	OK	 
REQUEST	1		reset.css?13-1-8-23	1554846412381	1554846412397	OK	 
REQUEST	1		template.css?13-1-8-23	1554846412382	1554846412398	OK	 
USER	RecordedSimulation	1	END	1554846397893	1554846412402
